<?xml version="1.0" encoding="UTF-8"?>
<testng-results ignored="0" total="1" passed="1" failed="0" skipped="0">
  <reporter-output>
  </reporter-output>
  <suite started-at="2021-06-07T14:18:06 IST" name="Suite" finished-at="2021-06-07T14:18:16 IST" duration-ms="10371">
    <groups>
    </groups>
    <test started-at="2021-06-07T14:18:06 IST" name="Test" finished-at="2021-06-07T14:18:16 IST" duration-ms="10371">
      <class name="maven.Findby.Main">
        <test-method is-config="true" signature="beforeMethod()[pri:0, instance:maven.Findby.Main@1356d4d4]" started-at="2021-06-07T14:18:06 IST" name="beforeMethod" finished-at="2021-06-07T14:18:14 IST" duration-ms="8570" status="PASS">
          <reporter-output>
          </reporter-output>
        </test-method> <!-- beforeMethod -->
        <test-method signature="Homepage()[pri:0, instance:maven.Findby.Main@1356d4d4]" started-at="2021-06-07T14:18:14 IST" name="Homepage" finished-at="2021-06-07T14:18:16 IST" duration-ms="1593" status="PASS">
          <reporter-output>
          </reporter-output>
        </test-method> <!-- Homepage -->
        <test-method is-config="true" signature="aftermethod()[pri:0, instance:maven.Findby.Main@1356d4d4]" started-at="2021-06-07T14:18:16 IST" name="aftermethod" finished-at="2021-06-07T14:18:16 IST" duration-ms="159" status="PASS">
          <reporter-output>
          </reporter-output>
        </test-method> <!-- aftermethod -->
      </class> <!-- maven.Findby.Main -->
    </test> <!-- Test -->
  </suite> <!-- Suite -->
</testng-results>
